<?xml version="1.0" encoding="UTF-8"?>
<!-- Generated by org.testng.reporters.JUnitReportReporter -->
<testsuite hostname="SRIKANTH" failures="0" tests="1" name="Dealsdray.FunctionalTestCase" time="54.097" errors="0" timestamp="2024-08-09T12:24:48 IST" skipped="0">
  <testcase classname="Dealsdray.FunctionalTestCase" name="LoginToApp" time="54.097"/>
</testsuite> <!-- Dealsdray.FunctionalTestCase -->
