<?xml version="1.0" encoding="UTF-8"?>
<!-- Generated by org.testng.reporters.JUnitReportReporter -->
<testsuite hostname="SRIKANTH" failures="0" tests="1" name="Dealsdray.demo" time="35.960" errors="0" timestamp="2024-08-09T12:36:51 IST" skipped="0">
  <testcase classname="Dealsdray.demo" name="testSitemapScreenshots" time="35.960"/>
</testsuite> <!-- Dealsdray.demo -->
